<?xml version="1.0" encoding="UTF-8"?>
<testng-results ignored="0" total="1" passed="1" failed="0" skipped="0">
  <reporter-output>
  </reporter-output>
  <suite started-at="2026-04-28T16:33:59 IST" name="Suite" finished-at="2026-04-28T16:34:06 IST" duration-ms="7918">
    <groups>
    </groups>
    <test started-at="2026-04-28T16:33:59 IST" name="Test" finished-at="2026-04-28T16:34:06 IST" duration-ms="7918">
      <class name="com.tests.LoginTest">
        <test-method is-config="true" signature="setup()[pri:0, instance:com.tests.LoginTest@4ae9cfc1]" started-at="2026-04-28T16:33:59 IST" name="setup" finished-at="2026-04-28T16:34:05 IST" duration-ms="6473" status="PASS">
          <reporter-output>
          </reporter-output>
        </test-method> <!-- setup -->
        <test-method signature="logintest()[pri:0, instance:com.tests.LoginTest@4ae9cfc1]" started-at="2026-04-28T16:34:05 IST" name="logintest" finished-at="2026-04-28T16:34:06 IST" duration-ms="1264" status="PASS">
          <reporter-output>
          </reporter-output>
        </test-method> <!-- logintest -->
        <test-method is-config="true" signature="afterClass()[pri:0, instance:com.tests.LoginTest@4ae9cfc1]" started-at="2026-04-28T16:34:06 IST" name="afterClass" finished-at="2026-04-28T16:34:06 IST" duration-ms="142" status="PASS">
          <reporter-output>
          </reporter-output>
        </test-method> <!-- afterClass -->
      </class> <!-- com.tests.LoginTest -->
    </test> <!-- Test -->
  </suite> <!-- Suite -->
</testng-results>
