<?xml version="1.0" encoding="UTF-8"?>
<!-- Generated by org.testng.reporters.JUnitXMLReporter -->
<testsuite ignored="0" hostname="Muhindhar" failures="2" tests="3" name="Login Test" time="13.892" errors="0" timestamp="2026-04-28T09:54:58 IST">
  <testcase classname="ITestListeners.LoginDemo" name="validLogin" time="4.452"/>
  <testcase classname="ITestListeners.LoginDemo" name="invalidLogin" time="4.505">
    <failure type="java.lang.AssertionError" message="expected [true] but found [false]">
      <![CDATA[java.lang.AssertionError: expected [true] but found [false]
at ITestListeners.LoginDemo.invalidLogin(LoginDemo.java:69)
at java.base/java.util.concurrent.ThreadPoolExecutor.runWorker(ThreadPoolExecutor.java:1144)
at java.base/java.util.concurrent.ThreadPoolExecutor$Worker.run(ThreadPoolExecutor.java:642)
at java.base/java.lang.Thread.run(Thread.java:1583)
... Removed 11 stack frames]]>
    </failure>
  </testcase> <!-- invalidLogin -->
  <testcase classname="ITestListeners.LoginDemo" name="invalidLogin" time="4.592">
    <failure type="java.lang.AssertionError" message="expected [true] but found [false]">
      <![CDATA[java.lang.AssertionError: expected [true] but found [false]
at ITestListeners.LoginDemo.invalidLogin(LoginDemo.java:69)
at java.base/java.util.concurrent.ThreadPoolExecutor.runWorker(ThreadPoolExecutor.java:1144)
at java.base/java.util.concurrent.ThreadPoolExecutor$Worker.run(ThreadPoolExecutor.java:642)
at java.base/java.lang.Thread.run(Thread.java:1583)
... Removed 11 stack frames]]>
    </failure>
  </testcase> <!-- invalidLogin -->
</testsuite> <!-- Login Test -->
