<?xml version="1.0" encoding="UTF-8"?>
<!-- Generated by org.testng.reporters.JUnitXMLReporter -->
<testsuite ignored="0" hostname="Muhindhar" failures="2" tests="4" name="Test" time="19.516" errors="0" timestamp="2026-04-22T12:43:13 IST">
  <testcase classname="Qafox.Login" name="InsearchTest" time="0.458">
    <failure type="java.lang.AssertionError" message="expected [true] but found [false]">
      <![CDATA[java.lang.AssertionError: expected [true] but found [false]
at Qafox.Login.InsearchTest(Login.java:112)
at java.base/java.util.ArrayList.forEach(ArrayList.java:1596)
... Removed 29 stack frames]]>
    </failure>
  </testcase> <!-- InsearchTest -->
  <testcase classname="Qafox.Login" name="invalidLoginTest" time="1.623">
    <failure type="java.lang.AssertionError" message="expected [true] but found [false]">
      <![CDATA[java.lang.AssertionError: expected [true] but found [false]
at Qafox.Login.invalidLoginTest(Login.java:69)
at java.base/java.util.ArrayList.forEach(ArrayList.java:1596)
... Removed 29 stack frames]]>
    </failure>
  </testcase> <!-- invalidLoginTest -->
  <testcase classname="Qafox.Login" name="searchTest" time="0.526"/>
  <testcase classname="Qafox.Login" name="validLoginTest" time="3.284"/>
</testsuite> <!-- Test -->
