<?xml version="1.0" encoding="UTF-8"?>
<testng-results ignored="0" total="2" passed="2" failed="0" skipped="0">
  <reporter-output>
  </reporter-output>
  <suite started-at="2026-04-16T15:49:22 IST" name="Default suite" finished-at="2026-04-16T15:49:22 IST" duration-ms="61">
    <groups>
    </groups>
    <test started-at="2026-04-16T15:49:22 IST" name="Default test" finished-at="2026-04-16T15:49:22 IST" duration-ms="61">
      <class name="Selenium_TestNg_Demo.Annotations">
        <test-method is-config="true" signature="beforeSuite()[pri:0, instance:Selenium_TestNg_Demo.Annotations@7586beff]" started-at="2026-04-16T15:49:22 IST" name="beforeSuite" finished-at="2026-04-16T15:49:22 IST" duration-ms="12" status="PASS">
          <reporter-output>
          </reporter-output>
        </test-method> <!-- beforeSuite -->
        <test-method is-config="true" signature="beforeTest()[pri:0, instance:Selenium_TestNg_Demo.Annotations@7586beff]" started-at="2026-04-16T15:49:22 IST" name="beforeTest" finished-at="2026-04-16T15:49:22 IST" duration-ms="0" status="PASS">
          <reporter-output>
          </reporter-output>
        </test-method> <!-- beforeTest -->
        <test-method is-config="true" signature="beforeClass()[pri:0, instance:Selenium_TestNg_Demo.Annotations@7586beff]" started-at="2026-04-16T15:49:22 IST" name="beforeClass" finished-at="2026-04-16T15:49:22 IST" duration-ms="1" status="PASS">
          <reporter-output>
          </reporter-output>
        </test-method> <!-- beforeClass -->
        <test-method is-config="true" signature="beforeMethod()[pri:0, instance:Selenium_TestNg_Demo.Annotations@7586beff]" started-at="2026-04-16T15:49:22 IST" name="beforeMethod" finished-at="2026-04-16T15:49:22 IST" duration-ms="1" status="PASS">
          <reporter-output>
          </reporter-output>
        </test-method> <!-- beforeMethod -->
        <test-method signature="f()[pri:0, instance:Selenium_TestNg_Demo.Annotations@7586beff]" started-at="2026-04-16T15:49:22 IST" name="f" finished-at="2026-04-16T15:49:22 IST" duration-ms="6" status="PASS">
          <reporter-output>
          </reporter-output>
        </test-method> <!-- f -->
        <test-method is-config="true" signature="afterMethod()[pri:0, instance:Selenium_TestNg_Demo.Annotations@7586beff]" started-at="2026-04-16T15:49:22 IST" name="afterMethod" finished-at="2026-04-16T15:49:22 IST" duration-ms="1" status="PASS">
          <reporter-output>
          </reporter-output>
        </test-method> <!-- afterMethod -->
        <test-method is-config="true" signature="beforeMethod()[pri:0, instance:Selenium_TestNg_Demo.Annotations@7586beff]" started-at="2026-04-16T15:49:22 IST" name="beforeMethod" finished-at="2026-04-16T15:49:22 IST" duration-ms="0" status="PASS">
          <reporter-output>
          </reporter-output>
        </test-method> <!-- beforeMethod -->
        <test-method signature="test()[pri:0, instance:Selenium_TestNg_Demo.Annotations@7586beff]" started-at="2026-04-16T15:49:22 IST" name="test" finished-at="2026-04-16T15:49:22 IST" duration-ms="1" status="PASS">
          <reporter-output>
          </reporter-output>
        </test-method> <!-- test -->
        <test-method is-config="true" signature="afterMethod()[pri:0, instance:Selenium_TestNg_Demo.Annotations@7586beff]" started-at="2026-04-16T15:49:22 IST" name="afterMethod" finished-at="2026-04-16T15:49:22 IST" duration-ms="1" status="PASS">
          <reporter-output>
          </reporter-output>
        </test-method> <!-- afterMethod -->
        <test-method is-config="true" signature="afterClass()[pri:0, instance:Selenium_TestNg_Demo.Annotations@7586beff]" started-at="2026-04-16T15:49:22 IST" name="afterClass" finished-at="2026-04-16T15:49:22 IST" duration-ms="1" status="PASS">
          <reporter-output>
          </reporter-output>
        </test-method> <!-- afterClass -->
        <test-method is-config="true" signature="afterTest()[pri:0, instance:Selenium_TestNg_Demo.Annotations@7586beff]" started-at="2026-04-16T15:49:22 IST" name="afterTest" finished-at="2026-04-16T15:49:22 IST" duration-ms="1" status="PASS">
          <reporter-output>
          </reporter-output>
        </test-method> <!-- afterTest -->
        <test-method is-config="true" signature="afterSuite()[pri:0, instance:Selenium_TestNg_Demo.Annotations@7586beff]" started-at="2026-04-16T15:49:22 IST" name="afterSuite" finished-at="2026-04-16T15:49:22 IST" duration-ms="1" status="PASS">
          <reporter-output>
          </reporter-output>
        </test-method> <!-- afterSuite -->
      </class> <!-- Selenium_TestNg_Demo.Annotations -->
    </test> <!-- Default test -->
  </suite> <!-- Default suite -->
</testng-results>
