<?xml version="1.0" encoding="UTF-8"?>
<!-- Generated by org.testng.reporters.JUnitReportReporter -->
<testsuite hostname="Muhindhar" failures="0" tests="3" name="Selenium_TesNg_Demo.Demo_Flow" time="0.015" errors="0" timestamp="2026-04-16T14:48:20 IST" skipped="0">
  <testcase classname="Selenium_TesNg_Demo.Demo_Flow" name="c" time="0.002"/>
  <testcase classname="Selenium_TesNg_Demo.Demo_Flow" name="b" time="0.002"/>
  <testcase classname="Selenium_TesNg_Demo.Demo_Flow" name="a" time="0.011"/>
</testsuite> <!-- Selenium_TesNg_Demo.Demo_Flow -->
